<?xml version="1.0" encoding="UTF-8"?>
<!-- Generated by org.testng.reporters.JUnitReportReporter -->
<testsuite skipped="0" hostname="FujitsuE752-PC" name="com.gsp.ns.gradskiPrevoz.test.Test1" tests="1" failures="0" timestamp="28 Jan 2019 20:46:00 GMT" time="9.146" errors="0">
  <testcase name="test" time="9.146" classname="com.gsp.ns.gradskiPrevoz.test.Test1"/>
</testsuite> <!-- com.gsp.ns.gradskiPrevoz.test.Test1 -->
